<?xml version="1.0" encoding="UTF-8"?>
<!-- Generated by org.testng.reporters.JUnitXMLReporter -->
<testsuite ignored="0" hostname="DESKTOP-8E1JSKF" failures="0" tests="15" name="HomepageFooterTest" time="301.866" errors="0" timestamp="2022-06-01T11:55:15 IST">
  <testcase classname="com.Test.HomepageFooter" name="@BeforeMethod initialize" time="301.436">
    <failure type="org.openqa.selenium.TimeoutException" message="timeout: Timed out receiving message from renderer: 292.876
  (Session info: chrome=102.0.5005.61)
Build info: version: &amp;apos;3.141.59&amp;apos;, revision: &amp;apos;e82be7d358&amp;apos;, time: &amp;apos;2018-11-14T08:17:03&amp;apos;
System info: host: &amp;apos;DESKTOP-8E1JSKF&amp;apos;, ip: &amp;apos;192.168.43.136&amp;apos;, os.name: &amp;apos;Windows 10&amp;apos;, os.arch: &amp;apos;amd64&amp;apos;, os.version: &amp;apos;10.0&amp;apos;, java.version: &amp;apos;17.0.3.1&amp;apos;
Driver info: org.openqa.selenium.chrome.ChromeDriver
Capabilities {acceptInsecureCerts: false, browserName: chrome, browserVersion: 102.0.5005.61, chrome: {chromedriverVersion: 102.0.5005.61 (0e59bcc00cc4..., userDataDir: C:\Users\punek\AppData\Loca...}, goog:chromeOptions: {debuggerAddress: localhost:61390}, javascriptEnabled: true, networkConnectionEnabled: false, pageLoadStrategy: normal, platform: WINDOWS, platformName: WINDOWS, proxy: Proxy(), setWindowRect: true, strictFileInteractability: false, timeouts: {implicit: 0, pageLoad: 300000, script: 30000}, unhandledPromptBehavior: dismiss and notify, webauthn:extension:credBlob: true, webauthn:extension:largeBlob: true, webauthn:virtualAuthenticators: true}
Session ID: ed8745ad2b5de6a02f1e223d7c2fd84c">
      <![CDATA[org.openqa.selenium.TimeoutException: timeout: Timed out receiving message from renderer: 292.876
  (Session info: chrome=102.0.5005.61)
Build info: version: '3.141.59', revision: 'e82be7d358', time: '2018-11-14T08:17:03'
System info: host: 'DESKTOP-8E1JSKF', ip: '192.168.43.136', os.name: 'Windows 10', os.arch: 'amd64', os.version: '10.0', java.version: '17.0.3.1'
Driver info: org.openqa.selenium.chrome.ChromeDriver
Capabilities {acceptInsecureCerts: false, browserName: chrome, browserVersion: 102.0.5005.61, chrome: {chromedriverVersion: 102.0.5005.61 (0e59bcc00cc4..., userDataDir: C:\Users\punek\AppData\Loca...}, goog:chromeOptions: {debuggerAddress: localhost:61390}, javascriptEnabled: true, networkConnectionEnabled: false, pageLoadStrategy: normal, platform: WINDOWS, platformName: WINDOWS, proxy: Proxy(), setWindowRect: true, strictFileInteractability: false, timeouts: {implicit: 0, pageLoad: 300000, script: 30000}, unhandledPromptBehavior: dismiss and notify, webauthn:extension:credBlob: true, webauthn:extension:largeBlob: true, webauthn:virtualAuthenticators: true}
Session ID: ed8745ad2b5de6a02f1e223d7c2fd84c
at org.openqa.selenium.remote.http.W3CHttpResponseCodec.createException(W3CHttpResponseCodec.java:187)
at org.openqa.selenium.remote.http.W3CHttpResponseCodec.decode(W3CHttpResponseCodec.java:122)
at org.openqa.selenium.remote.http.W3CHttpResponseCodec.decode(W3CHttpResponseCodec.java:49)
at org.openqa.selenium.remote.HttpCommandExecutor.execute(HttpCommandExecutor.java:158)
at org.openqa.selenium.remote.service.DriverCommandExecutor.execute(DriverCommandExecutor.java:83)
at org.openqa.selenium.remote.RemoteWebDriver.execute(RemoteWebDriver.java:552)
at org.openqa.selenium.remote.RemoteWebDriver.get(RemoteWebDriver.java:277)
at com.Test.HomepageFooter.initialize(HomepageFooter.java:32)
at java.base/java.util.ArrayList.forEach(ArrayList.java:1511)
... Removed 36 stack frames]]>
    </failure>
  </testcase> <!-- @BeforeMethod initialize -->
  <testcase classname="com.Test.HomepageFooter" name="@AfterMethod EndTest" time="-1.654064714601E9">
    <skipped/>
  </testcase> <!-- @AfterMethod EndTest -->
  <testcase classname="com.Test.HomepageFooter" name="@BeforeMethod initialize" time="-1.654064714606E9">
    <skipped/>
  </testcase> <!-- @BeforeMethod initialize -->
  <testcase classname="com.Test.HomepageFooter" name="@AfterMethod EndTest" time="-1.654064714619E9">
    <skipped/>
  </testcase> <!-- @AfterMethod EndTest -->
  <testcase classname="com.Test.HomepageFooter" name="@BeforeMethod initialize" time="-1.654064714635E9">
    <skipped/>
  </testcase> <!-- @BeforeMethod initialize -->
  <testcase classname="com.Test.HomepageFooter" name="@AfterMethod EndTest" time="-1.654064714642E9">
    <skipped/>
  </testcase> <!-- @AfterMethod EndTest -->
  <testcase classname="com.Test.HomepageFooter" name="@BeforeMethod initialize" time="-1.654064714647E9">
    <skipped/>
  </testcase> <!-- @BeforeMethod initialize -->
  <testcase classname="com.Test.HomepageFooter" name="@AfterMethod EndTest" time="-1.654064714652E9">
    <skipped/>
  </testcase> <!-- @AfterMethod EndTest -->
  <testcase classname="com.Test.HomepageFooter" name="@BeforeMethod initialize" time="-1.654064714658E9">
    <skipped/>
  </testcase> <!-- @BeforeMethod initialize -->
  <testcase classname="com.Test.HomepageFooter" name="@AfterMethod EndTest" time="-1.654064714666E9">
    <skipped/>
  </testcase> <!-- @AfterMethod EndTest -->
  <testcase classname="com.Test.HomepageFooter" name="@BeforeMethod initialize" time="-1.654064714669E9">
    <skipped/>
  </testcase> <!-- @BeforeMethod initialize -->
  <testcase classname="com.Test.HomepageFooter" name="@AfterMethod EndTest" time="-1.654064714775E9">
    <skipped/>
  </testcase> <!-- @AfterMethod EndTest -->
  <testcase classname="com.Test.HomepageFooter" name="@BeforeMethod initialize" time="-1.654064714781E9">
    <skipped/>
  </testcase> <!-- @BeforeMethod initialize -->
  <testcase classname="com.Test.HomepageFooter" name="@AfterMethod EndTest" time="-1.654064714787E9">
    <skipped/>
  </testcase> <!-- @AfterMethod EndTest -->
  <testcase classname="com.Test.HomepageFooter" name="@BeforeMethod initialize" time="-1.654064714789E9">
    <skipped/>
  </testcase> <!-- @BeforeMethod initialize -->
  <testcase classname="com.Test.HomepageFooter" name="@AfterMethod EndTest" time="-1.654064714802E9">
    <skipped/>
  </testcase> <!-- @AfterMethod EndTest -->
  <testcase classname="com.Test.HomepageFooter" name="@BeforeMethod initialize" time="-1.654064714806E9">
    <skipped/>
  </testcase> <!-- @BeforeMethod initialize -->
  <testcase classname="com.Test.HomepageFooter" name="@AfterMethod EndTest" time="-1.654064714814E9">
    <skipped/>
  </testcase> <!-- @AfterMethod EndTest -->
  <testcase classname="com.Test.HomepageFooter" name="@BeforeMethod initialize" time="-1.654064714817E9">
    <skipped/>
  </testcase> <!-- @BeforeMethod initialize -->
  <testcase classname="com.Test.HomepageFooter" name="@AfterMethod EndTest" time="-1.654064714831E9">
    <skipped/>
  </testcase> <!-- @AfterMethod EndTest -->
  <testcase classname="com.Test.HomepageFooter" name="@BeforeMethod initialize" time="-1.654064714906E9">
    <skipped/>
  </testcase> <!-- @BeforeMethod initialize -->
  <testcase classname="com.Test.HomepageFooter" name="@AfterMethod EndTest" time="-1.654064714931E9">
    <skipped/>
  </testcase> <!-- @AfterMethod EndTest -->
  <testcase classname="com.Test.HomepageFooter" name="@BeforeMethod initialize" time="-1.654064714946E9">
    <skipped/>
  </testcase> <!-- @BeforeMethod initialize -->
  <testcase classname="com.Test.HomepageFooter" name="@AfterMethod EndTest" time="-1.654064714961E9">
    <skipped/>
  </testcase> <!-- @AfterMethod EndTest -->
  <testcase classname="com.Test.HomepageFooter" name="@BeforeMethod initialize" time="-1.654064714963E9">
    <skipped/>
  </testcase> <!-- @BeforeMethod initialize -->
  <testcase classname="com.Test.HomepageFooter" name="@AfterMethod EndTest" time="-1.654064714966E9">
    <skipped/>
  </testcase> <!-- @AfterMethod EndTest -->
  <testcase classname="com.Test.HomepageFooter" name="@BeforeMethod initialize" time="-1.654064714968E9">
    <skipped/>
  </testcase> <!-- @BeforeMethod initialize -->
  <testcase classname="com.Test.HomepageFooter" name="@AfterMethod EndTest" time="-1.654064714974E9">
    <skipped/>
  </testcase> <!-- @AfterMethod EndTest -->
  <testcase classname="com.Test.HomepageFooter" name="@BeforeMethod initialize" time="-1.654064714998E9">
    <skipped/>
  </testcase> <!-- @BeforeMethod initialize -->
  <testcase classname="com.Test.HomepageFooter" name="@AfterMethod EndTest" time="-1.654064715012E9">
    <skipped/>
  </testcase> <!-- @AfterMethod EndTest -->
  <testcase classname="com.Test.HomepageFooter" name="provablyFair" time="0.0">
    <skipped/>
  </testcase> <!-- provablyFair -->
  <testcase classname="com.Test.HomepageFooter" name="gambleAware" time="0.0">
    <skipped/>
  </testcase> <!-- gambleAware -->
  <testcase classname="com.Test.HomepageFooter" name="HomeButton" time="0.0">
    <skipped/>
  </testcase> <!-- HomeButton -->
  <testcase classname="com.Test.HomepageFooter" name="AMLPolicy" time="0.0">
    <skipped/>
  </testcase> <!-- AMLPolicy -->
  <testcase classname="com.Test.HomepageFooter" name="PrivacyPolicy" time="0.0">
    <skipped/>
  </testcase> <!-- PrivacyPolicy -->
  <testcase classname="com.Test.HomepageFooter" name="KYCPolicy" time="0.0">
    <skipped/>
  </testcase> <!-- KYCPolicy -->
  <testcase classname="com.Test.HomepageFooter" name="ResponsibleGaming" time="0.0">
    <skipped/>
  </testcase> <!-- ResponsibleGaming -->
  <testcase classname="com.Test.HomepageFooter" name="TermsofService" time="0.0">
    <skipped/>
  </testcase> <!-- TermsofService -->
  <testcase classname="com.Test.HomepageFooter" name="FooterLanguageIcon" time="0.0">
    <skipped/>
  </testcase> <!-- FooterLanguageIcon -->
  <testcase classname="com.Test.HomepageFooter" name="FooterLanguageIconSecondLang" time="0.0">
    <skipped/>
  </testcase> <!-- FooterLanguageIconSecondLang -->
  <testcase classname="com.Test.HomepageFooter" name="FooterLanguageIconThirdLang" time="0.0">
    <skipped/>
  </testcase> <!-- FooterLanguageIconThirdLang -->
  <testcase classname="com.Test.HomepageFooter" name="FooterLanguageIconFourthLang" time="0.0">
    <skipped/>
  </testcase> <!-- FooterLanguageIconFourthLang -->
  <testcase classname="com.Test.HomepageFooter" name="FooterFacebookIcon" time="0.0">
    <skipped/>
  </testcase> <!-- FooterFacebookIcon -->
  <testcase classname="com.Test.HomepageFooter" name="FooterTwitterIcon" time="0.0">
    <skipped/>
  </testcase> <!-- FooterTwitterIcon -->
  <testcase classname="com.Test.HomepageFooter" name="FooterInstagramIcon" time="0.0">
    <skipped/>
  </testcase> <!-- FooterInstagramIcon -->
</testsuite> <!-- HomepageFooterTest -->
