<?xml version="1.0" encoding="UTF-8"?>
<!-- Generated by org.testng.reporters.JUnitXMLReporter -->
<testsuite ignored="0" hostname="DESKTOP-8E1JSKF" failures="1" tests="15" name="HomepageSidebarTest" time="390.709" errors="0" timestamp="2022-06-01T11:50:12 IST">
  <testcase classname="com.Test.HomepageSidebarTestcases" name="@BeforeMethod Initialization" time="301.3">
    <failure type="org.openqa.selenium.TimeoutException" message="timeout: Timed out receiving message from renderer: 72.140
  (Session info: chrome=102.0.5005.61)
Build info: version: &amp;apos;3.141.59&amp;apos;, revision: &amp;apos;e82be7d358&amp;apos;, time: &amp;apos;2018-11-14T08:17:03&amp;apos;
System info: host: &amp;apos;DESKTOP-8E1JSKF&amp;apos;, ip: &amp;apos;192.168.43.136&amp;apos;, os.name: &amp;apos;Windows 10&amp;apos;, os.arch: &amp;apos;amd64&amp;apos;, os.version: &amp;apos;10.0&amp;apos;, java.version: &amp;apos;17.0.3.1&amp;apos;
Driver info: org.openqa.selenium.chrome.ChromeDriver
Capabilities {acceptInsecureCerts: false, browserName: chrome, browserVersion: 102.0.5005.61, chrome: {chromedriverVersion: 102.0.5005.61 (0e59bcc00cc4..., userDataDir: C:\Users\punek\AppData\Loca...}, goog:chromeOptions: {debuggerAddress: localhost:61315}, javascriptEnabled: true, networkConnectionEnabled: false, pageLoadStrategy: normal, platform: WINDOWS, platformName: WINDOWS, proxy: Proxy(), setWindowRect: true, strictFileInteractability: false, timeouts: {implicit: 0, pageLoad: 300000, script: 30000}, unhandledPromptBehavior: dismiss and notify, webauthn:extension:credBlob: true, webauthn:extension:largeBlob: true, webauthn:virtualAuthenticators: true}
Session ID: f7f53ba849f7ce4214691f7089ed9ce0">
      <![CDATA[org.openqa.selenium.TimeoutException: timeout: Timed out receiving message from renderer: 72.140
  (Session info: chrome=102.0.5005.61)
Build info: version: '3.141.59', revision: 'e82be7d358', time: '2018-11-14T08:17:03'
System info: host: 'DESKTOP-8E1JSKF', ip: '192.168.43.136', os.name: 'Windows 10', os.arch: 'amd64', os.version: '10.0', java.version: '17.0.3.1'
Driver info: org.openqa.selenium.chrome.ChromeDriver
Capabilities {acceptInsecureCerts: false, browserName: chrome, browserVersion: 102.0.5005.61, chrome: {chromedriverVersion: 102.0.5005.61 (0e59bcc00cc4..., userDataDir: C:\Users\punek\AppData\Loca...}, goog:chromeOptions: {debuggerAddress: localhost:61315}, javascriptEnabled: true, networkConnectionEnabled: false, pageLoadStrategy: normal, platform: WINDOWS, platformName: WINDOWS, proxy: Proxy(), setWindowRect: true, strictFileInteractability: false, timeouts: {implicit: 0, pageLoad: 300000, script: 30000}, unhandledPromptBehavior: dismiss and notify, webauthn:extension:credBlob: true, webauthn:extension:largeBlob: true, webauthn:virtualAuthenticators: true}
Session ID: f7f53ba849f7ce4214691f7089ed9ce0
at org.openqa.selenium.remote.http.W3CHttpResponseCodec.createException(W3CHttpResponseCodec.java:187)
at org.openqa.selenium.remote.http.W3CHttpResponseCodec.decode(W3CHttpResponseCodec.java:122)
at org.openqa.selenium.remote.http.W3CHttpResponseCodec.decode(W3CHttpResponseCodec.java:49)
at org.openqa.selenium.remote.HttpCommandExecutor.execute(HttpCommandExecutor.java:158)
at org.openqa.selenium.remote.service.DriverCommandExecutor.execute(DriverCommandExecutor.java:83)
at org.openqa.selenium.remote.RemoteWebDriver.execute(RemoteWebDriver.java:552)
at org.openqa.selenium.remote.RemoteWebDriver.get(RemoteWebDriver.java:277)
at com.Test.HomepageSidebarTestcases.Initialization(HomepageSidebarTestcases.java:34)
at java.base/java.util.ArrayList.forEach(ArrayList.java:1511)
... Removed 36 stack frames]]>
    </failure>
  </testcase> <!-- @BeforeMethod Initialization -->
  <testcase classname="com.Test.HomepageSidebarTestcases" name="@AfterMethod EndTest" time="-1.654064412703E9">
    <skipped/>
  </testcase> <!-- @AfterMethod EndTest -->
  <testcase classname="com.Test.HomepageSidebarTestcases" name="@BeforeMethod Initialization" time="-1.654064412713E9">
    <skipped/>
  </testcase> <!-- @BeforeMethod Initialization -->
  <testcase classname="com.Test.HomepageSidebarTestcases" name="@AfterMethod EndTest" time="-1.654064412736E9">
    <skipped/>
  </testcase> <!-- @AfterMethod EndTest -->
  <testcase classname="com.Test.HomepageSidebarTestcases" name="@BeforeMethod Initialization" time="-1.654064412757E9">
    <skipped/>
  </testcase> <!-- @BeforeMethod Initialization -->
  <testcase classname="com.Test.HomepageSidebarTestcases" name="@AfterMethod EndTest" time="-1.654064412768E9">
    <skipped/>
  </testcase> <!-- @AfterMethod EndTest -->
  <testcase classname="com.Test.HomepageSidebarTestcases" name="@BeforeMethod Initialization" time="-1.654064412772E9">
    <skipped/>
  </testcase> <!-- @BeforeMethod Initialization -->
  <testcase classname="com.Test.HomepageSidebarTestcases" name="@AfterMethod EndTest" time="-1.654064412785E9">
    <skipped/>
  </testcase> <!-- @AfterMethod EndTest -->
  <testcase classname="com.Test.HomepageSidebarTestcases" name="@BeforeMethod Initialization" time="-1.65406441281E9">
    <skipped/>
  </testcase> <!-- @BeforeMethod Initialization -->
  <testcase classname="com.Test.HomepageSidebarTestcases" name="@AfterMethod EndTest" time="-1.654064412815E9">
    <skipped/>
  </testcase> <!-- @AfterMethod EndTest -->
  <testcase classname="com.Test.HomepageSidebarTestcases" name="@BeforeMethod Initialization" time="-1.654064412817E9">
    <skipped/>
  </testcase> <!-- @BeforeMethod Initialization -->
  <testcase classname="com.Test.HomepageSidebarTestcases" name="@AfterMethod EndTest" time="-1.654064412826E9">
    <skipped/>
  </testcase> <!-- @AfterMethod EndTest -->
  <testcase classname="com.Test.HomepageSidebarTestcases" name="@BeforeMethod Initialization" time="-1.654064412828E9">
    <skipped/>
  </testcase> <!-- @BeforeMethod Initialization -->
  <testcase classname="com.Test.HomepageSidebarTestcases" name="@AfterMethod EndTest" time="-1.654064412838E9">
    <skipped/>
  </testcase> <!-- @AfterMethod EndTest -->
  <testcase classname="com.Test.HomepageSidebarTestcases" name="@BeforeMethod Initialization" time="-1.654064412844E9">
    <skipped/>
  </testcase> <!-- @BeforeMethod Initialization -->
  <testcase classname="com.Test.HomepageSidebarTestcases" name="@AfterMethod EndTest" time="-1.654064412847E9">
    <skipped/>
  </testcase> <!-- @AfterMethod EndTest -->
  <testcase classname="com.Test.HomepageSidebarTestcases" name="@BeforeMethod Initialization" time="-1.654064412848E9">
    <skipped/>
  </testcase> <!-- @BeforeMethod Initialization -->
  <testcase classname="com.Test.HomepageSidebarTestcases" name="@AfterMethod EndTest" time="-1.654064412852E9">
    <skipped/>
  </testcase> <!-- @AfterMethod EndTest -->
  <testcase classname="com.Test.HomepageSidebarTestcases" name="@BeforeMethod Initialization" time="-1.654064412854E9">
    <skipped/>
  </testcase> <!-- @BeforeMethod Initialization -->
  <testcase classname="com.Test.HomepageSidebarTestcases" name="@AfterMethod EndTest" time="-1.654064412862E9">
    <skipped/>
  </testcase> <!-- @AfterMethod EndTest -->
  <testcase classname="com.Test.HomepageSidebarTestcases" name="@BeforeMethod Initialization" time="-1.654064412864E9">
    <skipped/>
  </testcase> <!-- @BeforeMethod Initialization -->
  <testcase classname="com.Test.HomepageSidebarTestcases" name="@AfterMethod EndTest" time="-1.654064412867E9">
    <skipped/>
  </testcase> <!-- @AfterMethod EndTest -->
  <testcase classname="com.Test.HomepageSidebarTestcases" name="@BeforeMethod Initialization" time="-1.65406441287E9">
    <skipped/>
  </testcase> <!-- @BeforeMethod Initialization -->
  <testcase classname="com.Test.HomepageSidebarTestcases" name="@AfterMethod EndTest" time="-1.654064412875E9">
    <skipped/>
  </testcase> <!-- @AfterMethod EndTest -->
  <testcase classname="com.Test.HomepageSidebarTestcases" name="@BeforeMethod Initialization" time="-1.654064412877E9">
    <skipped/>
  </testcase> <!-- @BeforeMethod Initialization -->
  <testcase classname="com.Test.HomepageSidebarTestcases" name="@AfterMethod EndTest" time="-1.654064412881E9">
    <skipped/>
  </testcase> <!-- @AfterMethod EndTest -->
  <testcase classname="com.Test.HomepageSidebarTestcases" name="@BeforeMethod Initialization" time="-1.654064412886E9">
    <skipped/>
  </testcase> <!-- @BeforeMethod Initialization -->
  <testcase classname="com.Test.HomepageSidebarTestcases" name="@AfterMethod EndTest" time="-1.654064412897E9">
    <skipped/>
  </testcase> <!-- @AfterMethod EndTest -->
  <testcase classname="com.Test.HomepageSidebarTestcases" name="LobbyIcon" time="54.991">
    <failure type="org.openqa.selenium.TimeoutException" message="Expected condition failed: waiting for visibility of element located by By.xpath: (//*[@class=&amp;apos;Sidebar__WrapEl-sc-nzv22c-4 dRnvSu&amp;apos;])[1] (tried for 50 second(s) with 500 milliseconds interval)">
      <![CDATA[org.openqa.selenium.TimeoutException: Expected condition failed: waiting for visibility of element located by By.xpath: (//*[@class='Sidebar__WrapEl-sc-nzv22c-4 dRnvSu'])[1] (tried for 50 second(s) with 500 milliseconds interval)
at org.openqa.selenium.support.ui.WebDriverWait.timeoutException(WebDriverWait.java:95)
at org.openqa.selenium.support.ui.FluentWait.until(FluentWait.java:272)
at com.Test.HomepageSidebarTestcases.LobbyIcon(HomepageSidebarTestcases.java:48)
at java.base/java.util.ArrayList.forEach(ArrayList.java:1511)
Caused by: org.openqa.selenium.NoSuchElementException: no such element: Unable to locate element: {"method":"xpath","selector":"(//*[@class='Sidebar__WrapEl-sc-nzv22c-4 dRnvSu'])[1]"}
  (Session info: chrome=102.0.5005.61)
For documentation on this error, please visit: https://www.seleniumhq.org/exceptions/no_such_element.html
Build info: version: '3.141.59', revision: 'e82be7d358', time: '2018-11-14T08:17:03'
System info: host: 'DESKTOP-8E1JSKF', ip: '192.168.43.136', os.name: 'Windows 10', os.arch: 'amd64', os.version: '10.0', java.version: '17.0.3.1'
Driver info: org.openqa.selenium.chrome.ChromeDriver
Capabilities {acceptInsecureCerts: false, browserName: chrome, browserVersion: 102.0.5005.61, chrome: {chromedriverVersion: 102.0.5005.61 (0e59bcc00cc4..., userDataDir: C:\Users\punek\AppData\Loca...}, goog:chromeOptions: {debuggerAddress: localhost:61282}, javascriptEnabled: true, networkConnectionEnabled: false, pageLoadStrategy: normal, platform: WINDOWS, platformName: WINDOWS, proxy: Proxy(), setWindowRect: true, strictFileInteractability: false, timeouts: {implicit: 0, pageLoad: 300000, script: 30000}, unhandledPromptBehavior: dismiss and notify, webauthn:extension:credBlob: true, webauthn:extension:largeBlob: true, webauthn:virtualAuthenticators: true}
Session ID: 02a129600d066e40314bf918c8b1210e
*** Element info: {Using=xpath, value=(//*[@class='Sidebar__WrapEl-sc-nzv22c-4 dRnvSu'])[1]}
at org.openqa.selenium.remote.http.W3CHttpResponseCodec.createException(W3CHttpResponseCodec.java:187)
at org.openqa.selenium.remote.http.W3CHttpResponseCodec.decode(W3CHttpResponseCodec.java:122)
at org.openqa.selenium.remote.http.W3CHttpResponseCodec.decode(W3CHttpResponseCodec.java:49)
at org.openqa.selenium.remote.HttpCommandExecutor.execute(HttpCommandExecutor.java:158)
at org.openqa.selenium.remote.service.DriverCommandExecutor.execute(DriverCommandExecutor.java:83)
at org.openqa.selenium.remote.RemoteWebDriver.execute(RemoteWebDriver.java:552)
at org.openqa.selenium.remote.RemoteWebDriver.findElement(RemoteWebDriver.java:323)
at org.openqa.selenium.remote.RemoteWebDriver.findElementByXPath(RemoteWebDriver.java:428)
at org.openqa.selenium.By$ByXPath.findElement(By.java:353)
at org.openqa.selenium.remote.RemoteWebDriver.findElement(RemoteWebDriver.java:315)
at org.openqa.selenium.support.ui.ExpectedConditions$7.apply(ExpectedConditions.java:205)
at org.openqa.selenium.support.ui.ExpectedConditions$7.apply(ExpectedConditions.java:201)
at org.openqa.selenium.support.ui.FluentWait.until(FluentWait.java:249)
... 29 more
... Removed 31 stack frames]]>
    </failure>
  </testcase> <!-- LobbyIcon -->
  <testcase classname="com.Test.HomepageSidebarTestcases" name="FeaturedSlotsIcon" time="0.0">
    <skipped/>
  </testcase> <!-- FeaturedSlotsIcon -->
  <testcase classname="com.Test.HomepageSidebarTestcases" name="LiveCasinoIcon" time="0.0">
    <skipped/>
  </testcase> <!-- LiveCasinoIcon -->
  <testcase classname="com.Test.HomepageSidebarTestcases" name="FlushOriginalsIcon" time="0.0">
    <skipped/>
  </testcase> <!-- FlushOriginalsIcon -->
  <testcase classname="com.Test.HomepageSidebarTestcases" name="NewGamesIcon" time="0.0">
    <skipped/>
  </testcase> <!-- NewGamesIcon -->
  <testcase classname="com.Test.HomepageSidebarTestcases" name="PopularGamesIcon" time="0.0">
    <skipped/>
  </testcase> <!-- PopularGamesIcon -->
  <testcase classname="com.Test.HomepageSidebarTestcases" name="ProvidersIcon" time="0.0">
    <skipped/>
  </testcase> <!-- ProvidersIcon -->
  <testcase classname="com.Test.HomepageSidebarTestcases" name="SidebarVIPIcon" time="0.0">
    <skipped/>
  </testcase> <!-- SidebarVIPIcon -->
  <testcase classname="com.Test.HomepageSidebarTestcases" name="SidebarBuyCryptoIcon" time="0.0">
    <skipped/>
  </testcase> <!-- SidebarBuyCryptoIcon -->
  <testcase classname="com.Test.HomepageSidebarTestcases" name="SidebarLanguageIconEnglish" time="0.0">
    <skipped/>
  </testcase> <!-- SidebarLanguageIconEnglish -->
  <testcase classname="com.Test.HomepageSidebarTestcases" name="SidebarLanguageIconSecondLang" time="0.0">
    <skipped/>
  </testcase> <!-- SidebarLanguageIconSecondLang -->
  <testcase classname="com.Test.HomepageSidebarTestcases" name="SidebarLanguageIconThirdLang" time="0.0">
    <skipped/>
  </testcase> <!-- SidebarLanguageIconThirdLang -->
  <testcase classname="com.Test.HomepageSidebarTestcases" name="SidebarLanguageIconFourthLang" time="0.0">
    <skipped/>
  </testcase> <!-- SidebarLanguageIconFourthLang -->
  <testcase classname="com.Test.HomepageSidebarTestcases" name="SidebarLiveChatIcon" time="0.0">
    <skipped/>
  </testcase> <!-- SidebarLiveChatIcon -->
  <testcase classname="com.Test.HomepageSidebarTestcases" name="SidebarArrow" time="0.0">
    <skipped/>
  </testcase> <!-- SidebarArrow -->
</testsuite> <!-- HomepageSidebarTest -->
