<?xml version="1.0" encoding="UTF-8"?>
<!-- Generated by org.testng.reporters.JUnitXMLReporter -->
<testsuite ignored="0" hostname="DESKTOP-8E1JSKF" failures="1" tests="34" name="HomepageTest" time="2713.2" errors="0" timestamp="2022-06-01T09:04:47 IST">
  <testcase classname="com.Test.HomepageTest" name="LoginAsValidUser" time="11.661"/>
  <testcase classname="com.Test.HomepageTest" name="InvalidUser" time="1.911"/>
  <testcase classname="com.Test.HomepageTest" name="UserLogout" time="14.087"/>
  <testcase classname="com.Test.HomepageTest" name="LoginWelcomeForgot" time="1.903"/>
  <testcase classname="com.Test.HomepageTest" name="RecoveryPasswordBackToLogin" time="1.079"/>
  <testcase classname="com.Test.HomepageTest" name="LoginWelcomeRegistration" time="65.452"/>
  <testcase classname="com.Test.HomepageTest" name="LoginWelcomeGoogleIcon" time="61.448"/>
  <testcase classname="com.Test.HomepageTest" name="SignupLogin" time="10.49"/>
  <testcase classname="com.Test.HomepageTest" name="Signup" time="63.279"/>
  <testcase classname="com.Test.HomepageTest" name="SignupGoogleLogin" time="53.412"/>
  <testcase classname="com.Test.HomepageTest" name="JoinWithYourEmail" time="5.301">
    <failure type="org.openqa.selenium.ElementNotInteractableException" message="element not interactable
  (Session info: chrome=102.0.5005.61)
Build info: version: &amp;apos;3.141.59&amp;apos;, revision: &amp;apos;e82be7d358&amp;apos;, time: &amp;apos;2018-11-14T08:17:03&amp;apos;
System info: host: &amp;apos;DESKTOP-8E1JSKF&amp;apos;, ip: &amp;apos;192.168.43.136&amp;apos;, os.name: &amp;apos;Windows 10&amp;apos;, os.arch: &amp;apos;amd64&amp;apos;, os.version: &amp;apos;10.0&amp;apos;, java.version: &amp;apos;17.0.3.1&amp;apos;
Driver info: org.openqa.selenium.chrome.ChromeDriver
Capabilities {acceptInsecureCerts: false, browserName: chrome, browserVersion: 102.0.5005.61, chrome: {chromedriverVersion: 102.0.5005.61 (0e59bcc00cc4..., userDataDir: C:\Users\punek\AppData\Loca...}, goog:chromeOptions: {debuggerAddress: localhost:63203}, javascriptEnabled: true, networkConnectionEnabled: false, pageLoadStrategy: normal, platform: WINDOWS, platformName: WINDOWS, proxy: Proxy(), setWindowRect: true, strictFileInteractability: false, timeouts: {implicit: 0, pageLoad: 300000, script: 30000}, unhandledPromptBehavior: dismiss and notify, webauthn:extension:credBlob: true, webauthn:extension:largeBlob: true, webauthn:virtualAuthenticators: true}
Session ID: 384743eaca8fc442e3c4ee61c51a7cf4">
      <![CDATA[org.openqa.selenium.ElementNotInteractableException: element not interactable
  (Session info: chrome=102.0.5005.61)
Build info: version: '3.141.59', revision: 'e82be7d358', time: '2018-11-14T08:17:03'
System info: host: 'DESKTOP-8E1JSKF', ip: '192.168.43.136', os.name: 'Windows 10', os.arch: 'amd64', os.version: '10.0', java.version: '17.0.3.1'
Driver info: org.openqa.selenium.chrome.ChromeDriver
Capabilities {acceptInsecureCerts: false, browserName: chrome, browserVersion: 102.0.5005.61, chrome: {chromedriverVersion: 102.0.5005.61 (0e59bcc00cc4..., userDataDir: C:\Users\punek\AppData\Loca...}, goog:chromeOptions: {debuggerAddress: localhost:63203}, javascriptEnabled: true, networkConnectionEnabled: false, pageLoadStrategy: normal, platform: WINDOWS, platformName: WINDOWS, proxy: Proxy(), setWindowRect: true, strictFileInteractability: false, timeouts: {implicit: 0, pageLoad: 300000, script: 30000}, unhandledPromptBehavior: dismiss and notify, webauthn:extension:credBlob: true, webauthn:extension:largeBlob: true, webauthn:virtualAuthenticators: true}
Session ID: 384743eaca8fc442e3c4ee61c51a7cf4
at org.openqa.selenium.remote.http.W3CHttpResponseCodec.createException(W3CHttpResponseCodec.java:187)
at org.openqa.selenium.remote.http.W3CHttpResponseCodec.decode(W3CHttpResponseCodec.java:122)
at org.openqa.selenium.remote.http.W3CHttpResponseCodec.decode(W3CHttpResponseCodec.java:49)
at org.openqa.selenium.remote.HttpCommandExecutor.execute(HttpCommandExecutor.java:158)
at org.openqa.selenium.remote.service.DriverCommandExecutor.execute(DriverCommandExecutor.java:83)
at org.openqa.selenium.remote.RemoteWebDriver.execute(RemoteWebDriver.java:552)
at org.openqa.selenium.remote.RemoteWebElement.execute(RemoteWebElement.java:285)
at org.openqa.selenium.remote.RemoteWebElement.click(RemoteWebElement.java:84)
at com.Test.HomepageTest.JoinWithYourEmail(HomepageTest.java:691)
at java.base/java.util.ArrayList.forEach(ArrayList.java:1511)
... Removed 32 stack frames]]>
    </failure>
  </testcase> <!-- JoinWithYourEmail -->
  <testcase classname="com.Test.HomepageTest" name="JoinEmailLogin" time="11.983"/>
  <testcase classname="com.Test.HomepageTest" name="JoinEmailGoogleLogin" time="58.548"/>
  <testcase classname="com.Test.HomepageTest" name="Adminpanel" time="12.626"/>
  <testcase classname="com.Test.HomepageTest" name="Dicegame" time="7.981"/>
  <testcase classname="com.Test.HomepageTest" name="DicegameLogin" time="16.716"/>
  <testcase classname="com.Test.HomepageTest" name="Crashgame" time="7.965"/>
  <testcase classname="com.Test.HomepageTest" name="CrashgameLogin" time="24.09"/>
  <testcase classname="com.Test.HomepageTest" name="Minesgame" time="7.698"/>
  <testcase classname="com.Test.HomepageTest" name="Minesgamelogin" time="14.359"/>
  <testcase classname="com.Test.HomepageTest" name="Wheelgame" time="7.951"/>
  <testcase classname="com.Test.HomepageTest" name="Wheelgamelogin" time="16.183"/>
  <testcase classname="com.Test.HomepageTest" name="VIP" time="12.061"/>
  <testcase classname="com.Test.HomepageTest" name="Transaction" time="10.207"/>
  <testcase classname="com.Test.HomepageTest" name="TransactionPageTabsChecking" time="11.439"/>
  <testcase classname="com.Test.HomepageTest" name="Statistics" time="10.123"/>
  <testcase classname="com.Test.HomepageTest" name="StatisticsPageChecking" time="12.121"/>
  <testcase classname="com.Test.HomepageTest" name="Settings" time="10.952"/>
  <testcase classname="com.Test.HomepageTest" name="ChangePassword" time="15.305"/>
  <testcase classname="com.Test.HomepageTest" name="PasswordCancel" time="11.604"/>
  <testcase classname="com.Test.HomepageTest" name="OldPasswordInvalid" time="13.564"/>
  <testcase classname="com.Test.HomepageTest" name="PasswordNotMatch" time="12.108"/>
  <testcase classname="com.Test.HomepageTest" name="WalletBalaceList" time="15.008"/>
  <testcase classname="com.Test.HomepageTest" name="ChangingUsername" time="14.598"/>
</testsuite> <!-- HomepageTest -->
