<?xml version="1.0" encoding="UTF-8"?>
<!-- Generated by org.testng.reporters.JUnitXMLReporter -->
<testsuite ignored="0" hostname="DESKTOP-8E1JSKF" failures="1" tests="11" name="MinesGameTest" time="1102.218" errors="0" timestamp="2022-06-01T10:48:56 IST">
  <testcase classname="com.Test.MinesGameTestCases" name="LoginAsValidUser" time="23.215"/>
  <testcase classname="com.Test.MinesGameTestCases" name="MinesGameBetAfterLogin" time="56.722"/>
  <testcase classname="com.Test.MinesGameTestCases" name="MinesGameBetMaxAmount" time="15.869"/>
  <testcase classname="com.Test.MinesGameTestCases" name="MinesErrorMessageForMaxAmount" time="65.33">
    <failure type="org.openqa.selenium.NoSuchElementException" message="no such element: Unable to locate element: {&amp;quot;method&amp;quot;:&amp;quot;xpath&amp;quot;,&amp;quot;selector&amp;quot;:&amp;quot;//*[@class=&amp;apos;Tooltip__TooltipMessage-sc-lnycwz-2 bymWBZ&amp;apos;]&amp;quot;}
  (Session info: chrome=102.0.5005.61)
For documentation on this error, please visit: https://www.seleniumhq.org/exceptions/no_such_element.html
Build info: version: &amp;apos;3.141.59&amp;apos;, revision: &amp;apos;e82be7d358&amp;apos;, time: &amp;apos;2018-11-14T08:17:03&amp;apos;
System info: host: &amp;apos;DESKTOP-8E1JSKF&amp;apos;, ip: &amp;apos;192.168.43.136&amp;apos;, os.name: &amp;apos;Windows 10&amp;apos;, os.arch: &amp;apos;amd64&amp;apos;, os.version: &amp;apos;10.0&amp;apos;, java.version: &amp;apos;17.0.3.1&amp;apos;
Driver info: org.openqa.selenium.chrome.ChromeDriver
Capabilities {acceptInsecureCerts: false, browserName: chrome, browserVersion: 102.0.5005.61, chrome: {chromedriverVersion: 102.0.5005.61 (0e59bcc00cc4..., userDataDir: C:\Users\punek\AppData\Loca...}, goog:chromeOptions: {debuggerAddress: localhost:59043}, javascriptEnabled: true, networkConnectionEnabled: false, pageLoadStrategy: normal, platform: WINDOWS, platformName: WINDOWS, proxy: Proxy(), setWindowRect: true, strictFileInteractability: false, timeouts: {implicit: 0, pageLoad: 300000, script: 30000}, unhandledPromptBehavior: dismiss and notify, webauthn:extension:credBlob: true, webauthn:extension:largeBlob: true, webauthn:virtualAuthenticators: true}
Session ID: 46ca724ba9d8bc7e137246a58c242076
*** Element info: {Using=xpath, value=//*[@class=&amp;apos;Tooltip__TooltipMessage-sc-lnycwz-2 bymWBZ&amp;apos;]}">
      <![CDATA[org.openqa.selenium.NoSuchElementException: no such element: Unable to locate element: {"method":"xpath","selector":"//*[@class='Tooltip__TooltipMessage-sc-lnycwz-2 bymWBZ']"}
  (Session info: chrome=102.0.5005.61)
For documentation on this error, please visit: https://www.seleniumhq.org/exceptions/no_such_element.html
Build info: version: '3.141.59', revision: 'e82be7d358', time: '2018-11-14T08:17:03'
System info: host: 'DESKTOP-8E1JSKF', ip: '192.168.43.136', os.name: 'Windows 10', os.arch: 'amd64', os.version: '10.0', java.version: '17.0.3.1'
Driver info: org.openqa.selenium.chrome.ChromeDriver
Capabilities {acceptInsecureCerts: false, browserName: chrome, browserVersion: 102.0.5005.61, chrome: {chromedriverVersion: 102.0.5005.61 (0e59bcc00cc4..., userDataDir: C:\Users\punek\AppData\Loca...}, goog:chromeOptions: {debuggerAddress: localhost:59043}, javascriptEnabled: true, networkConnectionEnabled: false, pageLoadStrategy: normal, platform: WINDOWS, platformName: WINDOWS, proxy: Proxy(), setWindowRect: true, strictFileInteractability: false, timeouts: {implicit: 0, pageLoad: 300000, script: 30000}, unhandledPromptBehavior: dismiss and notify, webauthn:extension:credBlob: true, webauthn:extension:largeBlob: true, webauthn:virtualAuthenticators: true}
Session ID: 46ca724ba9d8bc7e137246a58c242076
*** Element info: {Using=xpath, value=//*[@class='Tooltip__TooltipMessage-sc-lnycwz-2 bymWBZ']}
at org.openqa.selenium.remote.http.W3CHttpResponseCodec.createException(W3CHttpResponseCodec.java:187)
at org.openqa.selenium.remote.http.W3CHttpResponseCodec.decode(W3CHttpResponseCodec.java:122)
at org.openqa.selenium.remote.http.W3CHttpResponseCodec.decode(W3CHttpResponseCodec.java:49)
at org.openqa.selenium.remote.HttpCommandExecutor.execute(HttpCommandExecutor.java:158)
at org.openqa.selenium.remote.service.DriverCommandExecutor.execute(DriverCommandExecutor.java:83)
at org.openqa.selenium.remote.RemoteWebDriver.execute(RemoteWebDriver.java:552)
at org.openqa.selenium.remote.RemoteWebDriver.findElement(RemoteWebDriver.java:323)
at org.openqa.selenium.remote.RemoteWebDriver.findElementByXPath(RemoteWebDriver.java:428)
at org.openqa.selenium.By$ByXPath.findElement(By.java:353)
at org.openqa.selenium.remote.RemoteWebDriver.findElement(RemoteWebDriver.java:315)
at pageObjects.MinesGamePage.ErrorMessage(MinesGamePage.java:42)
at com.Test.MinesGameTestCases.MinesErrorMessageForMaxAmount(MinesGameTestCases.java:482)
at java.base/java.util.ArrayList.forEach(ArrayList.java:1511)
... Removed 31 stack frames]]>
    </failure>
  </testcase> <!-- MinesErrorMessageForMaxAmount -->
  <testcase classname="com.Test.MinesGameTestCases" name="MinesGameBetWithHalfAmount" time="16.816"/>
  <testcase classname="com.Test.MinesGameTestCases" name="MinesGameBetWithDoubleAmount" time="15.454"/>
  <testcase classname="com.Test.MinesGameTestCases" name="MinesGameSetting" time="14.393"/>
  <testcase classname="com.Test.MinesGameTestCases" name="MinesGameRules" time="14.58"/>
  <testcase classname="com.Test.MinesGameTestCases" name="MinesGameLiveStats" time="47.92"/>
  <testcase classname="com.Test.MinesGameTestCases" name="MinesGameFairnessIcon" time="51.167"/>
  <testcase classname="com.Test.MinesGameTestCases" name="MinesGameSetMaxMines" time="15.174"/>
</testsuite> <!-- MinesGameTest -->
