<?xml version="1.0" encoding="UTF-8"?>
<!-- Generated by org.testng.reporters.JUnitReportReporter -->
<testsuite hostname="DESKTOP-8E1JSKF" failures="0" tests="16" name="com.Test.HomepageFooter" time="301.436" errors="1" timestamp="2022-06-01T11:55:16 IST" skipped="15">
  <testcase classname="com.Test.HomepageFooter" name="initialize" time="301.436">
    <error message="timeout: Timed out receiving message from renderer: 292.876
  (Session info: chrome=102.0.5005.61)
Build info: version: &#039;3.141.59&#039;, revision: &#039;e82be7d358&#039;, time: &#039;2018-11-14T08:17:03&#039;
System info: host: &#039;DESKTOP-8E1JSKF&#039;, ip: &#039;192.168.43.136&#039;, os.name: &#039;Windows 10&#039;, os.arch: &#039;amd64&#039;, os.version: &#039;10.0&#039;, java.version: &#039;17.0.3.1&#039;
Driver info: org.openqa.selenium.chrome.ChromeDriver
Capabilities {acceptInsecureCerts: false, browserName: chrome, browserVersion: 102.0.5005.61, chrome: {chromedriverVersion: 102.0.5005.61 (0e59bcc00cc4..., userDataDir: C:\Users\punek\AppData\Loca...}, goog:chromeOptions: {debuggerAddress: localhost:61390}, javascriptEnabled: true, networkConnectionEnabled: false, pageLoadStrategy: normal, platform: WINDOWS, platformName: WINDOWS, proxy: Proxy(), setWindowRect: true, strictFileInteractability: false, timeouts: {implicit: 0, pageLoad: 300000, script: 30000}, unhandledPromptBehavior: dismiss and notify, webauthn:extension:credBlob: true, webauthn:extension:largeBlob: true, webauthn:virtualAuthenticators: true}
Session ID: ed8745ad2b5de6a02f1e223d7c2fd84c" type="org.openqa.selenium.TimeoutException">
      <![CDATA[org.openqa.selenium.TimeoutException: timeout: Timed out receiving message from renderer: 292.876
  (Session info: chrome=102.0.5005.61)
Build info: version: '3.141.59', revision: 'e82be7d358', time: '2018-11-14T08:17:03'
System info: host: 'DESKTOP-8E1JSKF', ip: '192.168.43.136', os.name: 'Windows 10', os.arch: 'amd64', os.version: '10.0', java.version: '17.0.3.1'
Driver info: org.openqa.selenium.chrome.ChromeDriver
Capabilities {acceptInsecureCerts: false, browserName: chrome, browserVersion: 102.0.5005.61, chrome: {chromedriverVersion: 102.0.5005.61 (0e59bcc00cc4..., userDataDir: C:\Users\punek\AppData\Loca...}, goog:chromeOptions: {debuggerAddress: localhost:61390}, javascriptEnabled: true, networkConnectionEnabled: false, pageLoadStrategy: normal, platform: WINDOWS, platformName: WINDOWS, proxy: Proxy(), setWindowRect: true, strictFileInteractability: false, timeouts: {implicit: 0, pageLoad: 300000, script: 30000}, unhandledPromptBehavior: dismiss and notify, webauthn:extension:credBlob: true, webauthn:extension:largeBlob: true, webauthn:virtualAuthenticators: true}
Session ID: ed8745ad2b5de6a02f1e223d7c2fd84c
at java.base/jdk.internal.reflect.NativeConstructorAccessorImpl.newInstance0(Native Method)
at java.base/jdk.internal.reflect.NativeConstructorAccessorImpl.newInstance(NativeConstructorAccessorImpl.java:77)
at java.base/jdk.internal.reflect.DelegatingConstructorAccessorImpl.newInstance(DelegatingConstructorAccessorImpl.java:45)
at java.base/java.lang.reflect.Constructor.newInstanceWithCaller(Constructor.java:499)
at java.base/java.lang.reflect.Constructor.newInstance(Constructor.java:480)
at org.openqa.selenium.remote.http.W3CHttpResponseCodec.createException(W3CHttpResponseCodec.java:187)
at org.openqa.selenium.remote.http.W3CHttpResponseCodec.decode(W3CHttpResponseCodec.java:122)
at org.openqa.selenium.remote.http.W3CHttpResponseCodec.decode(W3CHttpResponseCodec.java:49)
at org.openqa.selenium.remote.HttpCommandExecutor.execute(HttpCommandExecutor.java:158)
at org.openqa.selenium.remote.service.DriverCommandExecutor.execute(DriverCommandExecutor.java:83)
at org.openqa.selenium.remote.RemoteWebDriver.execute(RemoteWebDriver.java:552)
at org.openqa.selenium.remote.RemoteWebDriver.get(RemoteWebDriver.java:277)
at com.Test.HomepageFooter.initialize(HomepageFooter.java:32)
at java.base/jdk.internal.reflect.NativeMethodAccessorImpl.invoke0(Native Method)
at java.base/jdk.internal.reflect.NativeMethodAccessorImpl.invoke(NativeMethodAccessorImpl.java:77)
at java.base/jdk.internal.reflect.DelegatingMethodAccessorImpl.invoke(DelegatingMethodAccessorImpl.java:43)
at java.base/java.lang.reflect.Method.invoke(Method.java:568)
at org.testng.internal.MethodInvocationHelper.invokeMethod(MethodInvocationHelper.java:133)
at org.testng.internal.MethodInvocationHelper.invokeMethodConsideringTimeout(MethodInvocationHelper.java:62)
at org.testng.internal.ConfigInvoker.invokeConfigurationMethod(ConfigInvoker.java:385)
at org.testng.internal.ConfigInvoker.invokeConfigurations(ConfigInvoker.java:321)
at org.testng.internal.TestInvoker.runConfigMethods(TestInvoker.java:700)
at org.testng.internal.TestInvoker.invokeMethod(TestInvoker.java:527)
at org.testng.internal.TestInvoker.invokeTestMethod(TestInvoker.java:173)
at org.testng.internal.MethodRunner.runInSequence(MethodRunner.java:46)
at org.testng.internal.TestInvoker$MethodInvocationAgent.invoke(TestInvoker.java:824)
at org.testng.internal.TestInvoker.invokeTestMethods(TestInvoker.java:146)
at org.testng.internal.TestMethodWorker.invokeTestMethods(TestMethodWorker.java:146)
at org.testng.internal.TestMethodWorker.run(TestMethodWorker.java:128)
at java.base/java.util.ArrayList.forEach(ArrayList.java:1511)
at org.testng.TestRunner.privateRun(TestRunner.java:794)
at org.testng.TestRunner.run(TestRunner.java:596)
at org.testng.SuiteRunner.runTest(SuiteRunner.java:377)
at org.testng.SuiteRunner.runSequentially(SuiteRunner.java:371)
at org.testng.SuiteRunner.privateRun(SuiteRunner.java:332)
at org.testng.SuiteRunner.run(SuiteRunner.java:276)
at org.testng.SuiteRunnerWorker.runSuite(SuiteRunnerWorker.java:53)
at org.testng.SuiteRunnerWorker.run(SuiteRunnerWorker.java:96)
at org.testng.TestNG.runSuitesSequentially(TestNG.java:1212)
at org.testng.TestNG.runSuitesLocally(TestNG.java:1134)
at org.testng.TestNG.runSuites(TestNG.java:1063)
at org.testng.TestNG.run(TestNG.java:1031)
at org.testng.remote.AbstractRemoteTestNG.run(AbstractRemoteTestNG.java:115)
at org.testng.remote.RemoteTestNG.initAndRun(RemoteTestNG.java:251)
at org.testng.remote.RemoteTestNG.main(RemoteTestNG.java:77)
]]>
    </error>
  </testcase> <!-- initialize -->
  <system-out/>
  <testcase classname="com.Test.HomepageFooter" name="provablyFair" time="0.000">
    <skipped/>
  </testcase> <!-- provablyFair -->
  <system-out/>
  <testcase classname="com.Test.HomepageFooter" name="gambleAware" time="0.000">
    <skipped/>
  </testcase> <!-- gambleAware -->
  <system-out/>
  <testcase classname="com.Test.HomepageFooter" name="HomeButton" time="0.000">
    <skipped/>
  </testcase> <!-- HomeButton -->
  <system-out/>
  <testcase classname="com.Test.HomepageFooter" name="AMLPolicy" time="0.000">
    <skipped/>
  </testcase> <!-- AMLPolicy -->
  <system-out/>
  <testcase classname="com.Test.HomepageFooter" name="PrivacyPolicy" time="0.000">
    <skipped/>
  </testcase> <!-- PrivacyPolicy -->
  <system-out/>
  <testcase classname="com.Test.HomepageFooter" name="KYCPolicy" time="0.000">
    <skipped/>
  </testcase> <!-- KYCPolicy -->
  <system-out/>
  <testcase classname="com.Test.HomepageFooter" name="ResponsibleGaming" time="0.000">
    <skipped/>
  </testcase> <!-- ResponsibleGaming -->
  <system-out/>
  <testcase classname="com.Test.HomepageFooter" name="TermsofService" time="0.000">
    <skipped/>
  </testcase> <!-- TermsofService -->
  <system-out/>
  <testcase classname="com.Test.HomepageFooter" name="FooterLanguageIcon" time="0.000">
    <skipped/>
  </testcase> <!-- FooterLanguageIcon -->
  <system-out/>
  <testcase classname="com.Test.HomepageFooter" name="FooterLanguageIconSecondLang" time="0.000">
    <skipped/>
  </testcase> <!-- FooterLanguageIconSecondLang -->
  <system-out/>
  <testcase classname="com.Test.HomepageFooter" name="FooterLanguageIconThirdLang" time="0.000">
    <skipped/>
  </testcase> <!-- FooterLanguageIconThirdLang -->
  <system-out/>
  <testcase classname="com.Test.HomepageFooter" name="FooterLanguageIconFourthLang" time="0.000">
    <skipped/>
  </testcase> <!-- FooterLanguageIconFourthLang -->
  <system-out/>
  <testcase classname="com.Test.HomepageFooter" name="FooterFacebookIcon" time="0.000">
    <skipped/>
  </testcase> <!-- FooterFacebookIcon -->
  <system-out/>
  <testcase classname="com.Test.HomepageFooter" name="FooterTwitterIcon" time="0.000">
    <skipped/>
  </testcase> <!-- FooterTwitterIcon -->
  <system-out/>
  <testcase classname="com.Test.HomepageFooter" name="FooterInstagramIcon" time="0.000">
    <skipped/>
  </testcase> <!-- FooterInstagramIcon -->
  <system-out/>
</testsuite> <!-- com.Test.HomepageFooter -->
